build/app/outputs/mapping/release/seeds.txt
com.unifei.br.phraseflow.MainActivity
com.unifei.br.phraseflow.MainActivity: MainActivity()
...
com.google.android.gms.internal.auth.zzcf
com.google.android.gms.common.api.GoogleApiActivity
com.google.android.gms.common.internal.ReflectedParcelable
com.google.android.gms.internal.common.zzh
com.google.android.gms.internal.auth.zzgy
com.google.android.recaptcha.internal.zzlh
com.google.android.gms.internal.firebase-auth-api.zzeb
com.google.android.recaptcha.internal.zzmb
com.google.android.gms.internal.auth.zzdm
com.google.android.gms.internal.base.zaf
com.google.android.gms.internal.auth.zzdq
com.google.android.gms.internal.firebase-auth-api.zzxg
com.google.android.recaptcha.internal.zzji
com.google.android.gms.internal.measurement.zzaw
com.google.android.gms.internal.measurement.zzdf$zzb
com.google.android.gms.internal.measurement.zzfs
com.google.android.gms.internal.measurement.zzhs
com.google.android.gms.internal.firebase-auth-api.zzwi
com.google.android.recaptcha.internal.zzmh
com.google.android.gms.internal.measurement.zzca
com.google.android.gms.internal.firebase-auth-api.zzch
com.google.android.gms.internal.auth.zzdb
com.google.android.recaptcha.internal.zzko
com.google.android.gms.internal.measurement.zzga
com.google.android.gms.internal.common.zzaa
com.google.android.gms.internal.firebase-auth-api.zzco
com.google.android.gms.internal.measurement.zzpq
com.google.android.gms.internal.firebase-auth-api.zzne
com.google.android.play.core.integrity.f
com.google.android.recaptcha.internal.zzl
com.google.android.gms.internal.firebase-auth-api.zzaea
com.google.android.gms.internal.auth.zzco
com.google.android.gms.internal.measurement.zzoi
com.google.android.gms.internal.measurement.zzld
com.google.android.gms.internal.measurement.zzay
com.google.android.gms.internal.measurement.zzcm
com.google.android.gms.internal.measurement.zzce
com.google.android.gms.internal.fido.zzav
com.google.android.recaptcha.internal.zziz
com.google.android.gms.internal.firebase-auth-api.zzsq
com.google.android.gms.internal.firebase-auth-api.zzof
com.google.android.gms.internal.firebase-auth-api.zzoi
com.google.android.gms.internal.firebase-auth-api.zzlg
com.google.android.recaptcha.internal.zzaq
com.google.android.gms.internal.firebase-auth-api.zzaid
com.google.android.gms.internal.firebase-auth-api.zzpp
com.google.android.recaptcha.internal.zzie
com.google.android.gms.internal.measurement.zzfc$zzb$zza
com.google.android.gms.internal.measurement.zzkz
com.google.android.gms.internal.fido.zzd
com.google.android.gms.internal.firebase-auth-api.zzkz
com.google.android.recaptcha.internal.zzda
com.google.android.gms.internal.measurement.zzdn
androidx.window.layout.SidecarCompat$DistinctSidecarElementCallback
com.google.android.gms.internal.firebase-auth-api.zzzn
com.google.android.gms.internal.measurement.zzbb
com.google.android.recaptcha.internal.zzdc
com.google.android.gms.internal.firebase-auth-api.zzajx
com.google.android.gms.internal.firebase-auth-api.zzpm
com.google.android.recaptcha.internal.zzhk
com.google.android.gms.internal.firebase-auth-api.zzsg
com.google.android.gms.internal.auth.zzgg
com.google.android.recaptcha.internal.zzae
com.google.android.gms.internal.measurement.zzfi$zze$zza
androidx.window.embedding.EmbeddingTranslatingCallback
com.google.android.play.core.integrity.IntegrityTokenRequest
com.google.android.gms.internal.fido.zzbd
com.google.android.gms.internal.firebase-auth-api.zzth$zza
com.google.android.gms.internal.firebase-auth-api.zzeq
com.google.android.gms.internal.fido.zzau
com.google.android.gms.internal.firebase-auth-api.zzut
com.google.android.recaptcha.internal.zzmt
com.google.android.gms.internal.firebase-auth-api.zzql$zza
com.google.android.gms.internal.measurement.zzd
com.google.android.gms.internal.firebase-auth-api.zzaks
com.google.android.gms.internal.firebase-auth-api.zztm$zza
com.google.android.gms.internal.firebase-auth-api.zzzi
com.google.android.play.core.integrity.s
com.google.android.gms.internal.common.zzac