build/app/outputs/mapping/release/mapping.txt
# compiler: R8
# compiler_version: 4.0.52
# min_api: 21
# common_typos_disable
# {"id":"com.android.tools.r8.mapping","version":"2.1"}
# pg_map_id: e7c9b25
# pg_map_hash: SHA-256 e7c9b254af98100f5b8093c706bb1053d65a7ae314b0b10e941335453e4a1c28
...
com.google.android.gms.common.api.Result -> com.google.android.gms.common.api.l:
com.google.android.gms.common.api.ResultCallback -> com.google.android.gms.common.api.m:
    void onResult(com.google.android.gms.common.api.Result) -> a
com.google.android.gms.common.api.ResultCallbacks -> com.google.android.gms.common.api.n:
    void onResult(com.google.android.gms.common.api.Result) -> a
    void onFailure(com.google.android.gms.common.api.Status) -> b
    void onSuccess(com.google.android.gms.common.api.Result) -> c
com.google.android.gms.common.api.ResultTransform -> com.google.android.gms.common.api.o:
    com.google.android.gms.common.api.Status onFailure(com.google.android.gms.common.api.Status) -> a
    com.google.android.gms.common.api.PendingResult onSuccess(com.google.android.gms.common.api.Result) -> b
com.google.android.gms.common.api.Scope -> com.google.android.gms.common.api.Scope:
    java.lang.String zzb -> b
    int zza -> a
    java.lang.String getScopeUri() -> u
com.google.android.gms.common.api.Status -> com.google.android.gms.common.api.Status:
    com.google.android.gms.common.ConnectionResult zzf -> e
    com.google.android.gms.common.api.Status RESULT_INTERNAL_ERROR -> m
    com.google.android.gms.common.api.Status RESULT_INTERRUPTED -> l
    com.google.android.gms.common.api.Status RESULT_SUCCESS -> k
    com.google.android.gms.common.api.Status RESULT_SUCCESS_CACHE -> j
    int zzc -> b
    com.google.android.gms.common.api.Status zza -> q
    com.google.android.gms.common.api.Status RESULT_DEAD_CLIENT -> p
    com.google.android.gms.common.api.Status RESULT_CANCELED -> o
    int zzb -> a
    android.app.PendingIntent zze -> d
    com.google.android.gms.common.api.Status RESULT_TIMEOUT -> n
    java.lang.String zzd -> c
    com.google.android.gms.common.ConnectionResult getConnectionResult() -> u
    int getStatusCode() -> v
    java.lang.String getStatusMessage() -> w
    boolean hasResolution() -> x
    boolean isSuccess() -> y
com.google.android.gms.common.api.TransformedResult -> com.google.android.gms.common.api.p:
com.google.android.gms.common.api.UnsupportedApiCallException -> com.google.android.gms.common.api.q:
    com.google.android.gms.common.Feature zza -> a
com.google.android.gms.common.api.internal.ApiExceptionMapper -> com.google.android.gms.common.api.internal.a:
    java.lang.Exception getException(com.google.android.gms.common.api.Status) -> a
com.google.android.gms.common.api.internal.ApiKey -> com.google.android.gms.common.api.internal.b:
    com.google.android.gms.common.api.Api$ApiOptions zac -> c
    int zaa -> a
    com.google.android.gms.common.api.Api zab -> b
    java.lang.String zad -> d
    com.google.android.gms.common.api.internal.ApiKey zaa(com.google.android.gms.common.api.Api,com.google.android.gms.common.api.Api$ApiOptions,java.lang.String) -> a
    java.lang.String zab() -> b
com.google.android.gms.common.api.internal.BackgroundDetector -> com.google.android.gms.common.api.internal.c:
    java.util.concurrent.atomic.AtomicBoolean zzc -> b
    java.util.concurrent.atomic.AtomicBoolean zzb -> a
    java.util.ArrayList zzd -> c
    com.google.android.gms.common.api.internal.BackgroundDetector zza -> e
    boolean zze -> d
    void addListener(com.google.android.gms.common.api.internal.BackgroundDetector$BackgroundStateChangeListener) -> a
    com.google.android.gms.common.api.internal.BackgroundDetector getInstance() -> b
    void initialize(android.app.Application) -> c
    boolean isInBackground() -> d
    boolean readCurrentStateIfPossible(boolean) -> e
    void zza(boolean) -> f
com.google.android.gms.common.api.internal.BackgroundDetector$BackgroundStateChangeListener -> com.google.android.gms.common.api.internal.c$a:
    void onBackgroundStateChanged(boolean) -> a
com.google.android.gms.common.api.internal.BaseImplementation$ApiMethodImpl -> com.google.android.gms.common.api.internal.d: